<?xml version="1.0" encoding="UTF-8"?>
<!-- Generated by org.testng.reporters.JUnitXMLReporter -->
<testsuite ignored="0" hostname="LTIN485847" failures="0" tests="8" name="Edge Test" time="65.754" errors="0" timestamp="2024-02-15T09:57:36 IST">
  <testcase classname="testPack.HeaderTest" name="company" time="17.672"/>
  <testcase classname="testPack.HeaderTest" name="serviceLines" time="4.219"/>
  <testcase classname="testPack.HeaderTest" name="salesResources" time="1.386"/>
  <testcase classname="testPack.HeaderTest" name="marketsAndCountries" time="7.853"/>
  <testcase classname="testPack.HeaderTest" name="corporateFunctions" time="8.433"/>
  <testcase classname="testPack.HeaderTest" name="people" time="5.236"/>
  <testcase classname="testPack.HeaderTest" name="userValidation" time="0.495"/>
  <testcase classname="testPack.HeaderTest" name="ethicsAndCompilance" time="4.974"/>
</testsuite> <!-- Edge Test -->
