<?xml version="1.0" encoding="UTF-8"?>
<!-- Generated by org.testng.reporters.JUnitXMLReporter -->
<testsuite ignored="0" hostname="LTIN485847" failures="0" tests="8" name="Test" time="45.783" errors="0" timestamp="2024-02-07T14:05:38 IST">
  <testcase classname="testPack.HeaderTest" name="company" time="1.14"/>
  <testcase classname="testPack.HeaderTest" name="serviceLines" time="3.961"/>
  <testcase classname="testPack.HeaderTest" name="salesResources" time="1.27"/>
  <testcase classname="testPack.HeaderTest" name="marketsAndCountries" time="7.436"/>
  <testcase classname="testPack.HeaderTest" name="corporateFunctions" time="7.028"/>
  <testcase classname="testPack.HeaderTest" name="people" time="3.955"/>
  <testcase classname="testPack.HeaderTest" name="userValidation" time="0.308"/>
  <testcase classname="testPack.HeaderTest" name="ethicsAndCompilance" time="6.248"/>
</testsuite> <!-- Test -->
